This file contains any messages produced by compilers while
running configure, to aid debugging if configure makes a mistake.

It was created by Apertium Ewondo-French configure 0.1.0, which was
generated by GNU Autoconf 2.69.  Invocation command line was

  $ ./configure --with-lang1=../apertium-ewo --with-lang2=../apertium-fra

## --------- ##
## Platform. ##
## --------- ##

hostname = DESKTOP-L5D1CNJ
uname -m = x86_64
uname -r = 4.4.0-19041-Microsoft
uname -s = Linux
uname -v = #1237-Microsoft Sat Sep 11 14:32:00 PST 2021

/usr/bin/uname -p = x86_64
/bin/uname -X     = unknown

/bin/arch              = x86_64
/usr/bin/arch -k       = unknown
/usr/convex/getsysinfo = unknown
/usr/bin/hostinfo      = unknown
/bin/machine           = unknown
/usr/bin/oslevel       = unknown
/bin/universe          = unknown

PATH: /usr/local/sbin
PATH: /usr/local/bin
PATH: /usr/sbin
PATH: /usr/bin
PATH: /sbin
PATH: /bin
PATH: /usr/games
PATH: /usr/local/games
PATH: /mnt/c/Program Files/WindowsApps/CanonicalGroupLimited.Ubuntu_2004.4.4.0_x64__79rhkp1fndgsc
PATH: /mnt/c/WINDOWS/system32
PATH: /mnt/c/WINDOWS
PATH: /mnt/c/WINDOWS/System32/Wbem
PATH: /mnt/c/WINDOWS/System32/WindowsPowerShell/v1.0/
PATH: /mnt/c/WINDOWS/System32/OpenSSH/
PATH: /mnt/c/Users/USER/AppData/Local/Microsoft/WindowsApps
PATH: /mnt/c/Users/USER/AppData/Local/Programs/Microsoft VS Code/bin
PATH: /snap/bin
PATH: /usr/local/bin


## ----------- ##
## Core tests. ##
## ----------- ##

configure:1865: checking for a BSD-compatible install
configure:1933: result: /usr/bin/install -c
configure:1944: checking whether build environment is sane
configure:1999: result: yes
configure:2148: checking for a thread-safe mkdir -p
configure:2187: result: /usr/bin/mkdir -p
configure:2194: checking for gawk
configure:2210: found /usr/bin/gawk
configure:2221: result: gawk
configure:2232: checking whether make sets $(MAKE)
configure:2254: result: yes
configure:2283: checking whether make supports nested variables
configure:2300: result: yes
configure:2430: checking for gawk
configure:2457: result: gawk
configure:2523: checking for pkg-config
configure:2541: found /usr/bin/pkg-config
configure:2553: result: /usr/bin/pkg-config
configure:2578: checking pkg-config is at least version 0.9.0
configure:2581: result: yes
configure:2591: checking for APERTIUM
configure:2598: $PKG_CONFIG --exists --print-errors "apertium >= 3.6.1"
configure:2601: $? = 0
configure:2615: $PKG_CONFIG --exists --print-errors "apertium >= 3.6.1"
configure:2618: $? = 0
configure:2676: result: yes
configure:2682: checking for LTTOOLBOX
configure:2689: $PKG_CONFIG --exists --print-errors "lttoolbox >= 3.5.1"
configure:2692: $? = 0
configure:2706: $PKG_CONFIG --exists --print-errors "lttoolbox >= 3.5.1"
configure:2709: $? = 0
configure:2767: result: yes
configure:2775: checking for HFST
configure:2782: $PKG_CONFIG --exists --print-errors "hfst >= 3.15.1"
configure:2785: $? = 0
configure:2799: $PKG_CONFIG --exists --print-errors "hfst >= 3.15.1"
configure:2802: $? = 0
configure:2860: result: yes
configure:2867: checking for CG3
configure:2874: $PKG_CONFIG --exists --print-errors "cg3 >= 1.3.1"
configure:2877: $? = 0
configure:2891: $PKG_CONFIG --exists --print-errors "cg3 >= 1.3.1"
configure:2894: $? = 0
configure:2952: result: yes
configure:2958: checking for APERTIUM_LEX_TOOLS
configure:2965: $PKG_CONFIG --exists --print-errors "apertium-lex-tools >= 0.2.3"
configure:2968: $? = 0
configure:2982: $PKG_CONFIG --exists --print-errors "apertium-lex-tools >= 0.2.3"
configure:2985: $? = 0
configure:3043: result: yes
configure:3055: checking for gzcat
configure:3088: result: no
configure:3055: checking for zcat
configure:3073: found /usr/bin/zcat
configure:3085: result: /usr/bin/zcat
configure:3782: checking that generated files are newer than configure
configure:3788: result: done
configure:3796: creating ./config.status

## ---------------------- ##
## Running config.status. ##
## ---------------------- ##

This file was extended by Apertium Ewondo-French config.status 0.1.0, which was
generated by GNU Autoconf 2.69.  Invocation command line was

  CONFIG_FILES    = 
  CONFIG_HEADERS  = 
  CONFIG_LINKS    = 
  CONFIG_COMMANDS = 
  $ ./config.status 

on DESKTOP-L5D1CNJ

config.status:790: creating Makefile

## ---------------- ##
## Cache variables. ##
## ---------------- ##

ac_cv_env_APERTIUM_CFLAGS_set=
ac_cv_env_APERTIUM_CFLAGS_value=
ac_cv_env_APERTIUM_EWO_CFLAGS_set=
ac_cv_env_APERTIUM_EWO_CFLAGS_value=
ac_cv_env_APERTIUM_EWO_LIBS_set=
ac_cv_env_APERTIUM_EWO_LIBS_value=
ac_cv_env_APERTIUM_FRA_CFLAGS_set=
ac_cv_env_APERTIUM_FRA_CFLAGS_value=
ac_cv_env_APERTIUM_FRA_LIBS_set=
ac_cv_env_APERTIUM_FRA_LIBS_value=
ac_cv_env_APERTIUM_LEX_TOOLS_CFLAGS_set=
ac_cv_env_APERTIUM_LEX_TOOLS_CFLAGS_value=
ac_cv_env_APERTIUM_LEX_TOOLS_LIBS_set=
ac_cv_env_APERTIUM_LEX_TOOLS_LIBS_value=
ac_cv_env_APERTIUM_LIBS_set=
ac_cv_env_APERTIUM_LIBS_value=
ac_cv_env_AP_LIB1_set=
ac_cv_env_AP_LIB1_value=
ac_cv_env_AP_LIB2_set=
ac_cv_env_AP_LIB2_value=
ac_cv_env_AP_SRC1_set=
ac_cv_env_AP_SRC1_value=
ac_cv_env_AP_SRC2_set=
ac_cv_env_AP_SRC2_value=
ac_cv_env_AP_SUBDIRS_set=
ac_cv_env_AP_SUBDIRS_value=
ac_cv_env_CG3_CFLAGS_set=
ac_cv_env_CG3_CFLAGS_value=
ac_cv_env_CG3_LIBS_set=
ac_cv_env_CG3_LIBS_value=
ac_cv_env_HFST_CFLAGS_set=
ac_cv_env_HFST_CFLAGS_value=
ac_cv_env_HFST_LIBS_set=
ac_cv_env_HFST_LIBS_value=
ac_cv_env_LTTOOLBOX_CFLAGS_set=
ac_cv_env_LTTOOLBOX_CFLAGS_value=
ac_cv_env_LTTOOLBOX_LIBS_set=
ac_cv_env_LTTOOLBOX_LIBS_value=
ac_cv_env_PKG_CONFIG_LIBDIR_set=
ac_cv_env_PKG_CONFIG_LIBDIR_value=
ac_cv_env_PKG_CONFIG_PATH_set=set
ac_cv_env_PKG_CONFIG_PATH_value=:/usr/local/share/pkgconfig:/usr/local/lib/pkgconfig
ac_cv_env_PKG_CONFIG_set=
ac_cv_env_PKG_CONFIG_value=
ac_cv_env_build_alias_set=
ac_cv_env_build_alias_value=
ac_cv_env_host_alias_set=
ac_cv_env_host_alias_value=
ac_cv_env_target_alias_set=
ac_cv_env_target_alias_value=
ac_cv_path_ZCAT=/usr/bin/zcat
ac_cv_path_ac_pt_PKG_CONFIG=/usr/bin/pkg-config
ac_cv_path_install='/usr/bin/install -c'
ac_cv_path_mkdir=/usr/bin/mkdir
ac_cv_prog_AWK=gawk
ac_cv_prog_make_make_set=yes
am_cv_make_support_nested_variables=yes
pkg_cv_APERTIUM_CFLAGS='-I/usr/include/apertium-3.8 -I/usr/lib/x86_64-linux-gnu/apertium-3.8/include'
pkg_cv_APERTIUM_LEX_TOOLS_CFLAGS=
pkg_cv_APERTIUM_LEX_TOOLS_LIBS=
pkg_cv_APERTIUM_LIBS=-lapertium3
pkg_cv_CG3_CFLAGS=-I/usr/include/
pkg_cv_CG3_LIBS=-lcg3
pkg_cv_HFST_CFLAGS=-I/usr/include/hfst/
pkg_cv_HFST_LIBS=-lhfst
pkg_cv_LTTOOLBOX_CFLAGS=-I/usr/include/lttoolbox-3.6
pkg_cv_LTTOOLBOX_LIBS=-llttoolbox3

## ----------------- ##
## Output variables. ##
## ----------------- ##

ACLOCAL='${SHELL} /home/ngotjomb/apertium_ewo_fra/apertium-ewo-fra/missing aclocal-1.16'
AMTAR='$${TAR-tar}'
AM_BACKSLASH='\'
AM_DEFAULT_V='$(AM_DEFAULT_VERBOSITY)'
AM_DEFAULT_VERBOSITY='1'
AM_V='$(V)'
APERTIUM_CFLAGS='-I/usr/include/apertium-3.8 -I/usr/lib/x86_64-linux-gnu/apertium-3.8/include'
APERTIUM_EWO_CFLAGS=''
APERTIUM_EWO_LIBS=''
APERTIUM_FRA_CFLAGS=''
APERTIUM_FRA_LIBS=''
APERTIUM_LEX_TOOLS_CFLAGS=''
APERTIUM_LEX_TOOLS_LIBS=''
APERTIUM_LIBS='-lapertium3'
AP_LIB1='../apertium-ewo'
AP_LIB2='../apertium-fra'
AP_SRC1='../apertium-ewo'
AP_SRC2='../apertium-fra'
AP_SUBDIRS=' ../apertium-ewo ../apertium-fra'
AUTOCONF='${SHELL} /home/ngotjomb/apertium_ewo_fra/apertium-ewo-fra/missing autoconf'
AUTOHEADER='${SHELL} /home/ngotjomb/apertium_ewo_fra/apertium-ewo-fra/missing autoheader'
AUTOMAKE='${SHELL} /home/ngotjomb/apertium_ewo_fra/apertium-ewo-fra/missing automake-1.16'
AWK='gawk'
CG3_CFLAGS='-I/usr/include/'
CG3_LIBS='-lcg3'
CYGPATH_W='echo'
DEFS='-DPACKAGE_NAME=\"Apertium\ Ewondo-French\" -DPACKAGE_TARNAME=\"apertium-ewo-fra\" -DPACKAGE_VERSION=\"0.1.0\" -DPACKAGE_STRING=\"Apertium\ Ewondo-French\ 0.1.0\" -DPACKAGE_BUGREPORT=\"ngueum@gmail.com\" -DPACKAGE_URL=\"http://wiki.apertium.org/wiki/Apertium-ewo-fra\" -DPACKAGE=\"apertium-ewo-fra\" -DVERSION=\"0.1.0\"'
ECHO_C=''
ECHO_N='-n'
ECHO_T=''
HFST_CFLAGS='-I/usr/include/hfst/'
HFST_LIBS='-lhfst'
INSTALL_DATA='${INSTALL} -m 644'
INSTALL_PROGRAM='${INSTALL}'
INSTALL_SCRIPT='${INSTALL}'
INSTALL_STRIP_PROGRAM='$(install_sh) -c -s'
LIBOBJS=''
LIBS=''
LTLIBOBJS=''
LTTOOLBOX_CFLAGS='-I/usr/include/lttoolbox-3.6'
LTTOOLBOX_LIBS='-llttoolbox3'
MAKEINFO='${SHELL} /home/ngotjomb/apertium_ewo_fra/apertium-ewo-fra/missing makeinfo'
MKDIR_P='/usr/bin/mkdir -p'
PACKAGE='apertium-ewo-fra'
PACKAGE_BUGREPORT='ngueum@gmail.com'
PACKAGE_NAME='Apertium Ewondo-French'
PACKAGE_STRING='Apertium Ewondo-French 0.1.0'
PACKAGE_TARNAME='apertium-ewo-fra'
PACKAGE_URL='http://wiki.apertium.org/wiki/Apertium-ewo-fra'
PACKAGE_VERSION='0.1.0'
PATH_SEPARATOR=':'
PKG_CONFIG='/usr/bin/pkg-config'
PKG_CONFIG_LIBDIR=''
PKG_CONFIG_PATH=':/usr/local/share/pkgconfig:/usr/local/lib/pkgconfig'
SET_MAKE=''
SHELL='/bin/bash'
STRIP=''
VERSION='0.1.0'
ZCAT='/usr/bin/zcat'
am__isrc=''
am__leading_dot='.'
am__tar='$${TAR-tar} chof - "$$tardir"'
am__untar='$${TAR-tar} xf -'
bindir='${exec_prefix}/bin'
build_alias=''
datadir='${datarootdir}'
datarootdir='${prefix}/share'
docdir='${datarootdir}/doc/${PACKAGE_TARNAME}'
dvidir='${docdir}'
exec_prefix='${prefix}'
host_alias=''
htmldir='${docdir}'
includedir='${prefix}/include'
infodir='${datarootdir}/info'
install_sh='${SHELL} /home/ngotjomb/apertium_ewo_fra/apertium-ewo-fra/install-sh'
libdir='${exec_prefix}/lib'
libexecdir='${exec_prefix}/libexec'
localedir='${datarootdir}/locale'
localstatedir='${prefix}/var'
mandir='${datarootdir}/man'
mkdir_p='$(MKDIR_P)'
oldincludedir='/usr/include'
pdfdir='${docdir}'
prefix='/usr/local'
program_transform_name='s,x,x,'
psdir='${docdir}'
runstatedir='${localstatedir}/run'
sbindir='${exec_prefix}/sbin'
sharedstatedir='${prefix}/com'
sysconfdir='${prefix}/etc'
target_alias=''

## ------------------- ##
## File substitutions. ##
## ------------------- ##

ap_include='./ap_include.am'

## ----------- ##
## confdefs.h. ##
## ----------- ##

/* confdefs.h */
#define PACKAGE_NAME "Apertium Ewondo-French"
#define PACKAGE_TARNAME "apertium-ewo-fra"
#define PACKAGE_VERSION "0.1.0"
#define PACKAGE_STRING "Apertium Ewondo-French 0.1.0"
#define PACKAGE_BUGREPORT "ngueum@gmail.com"
#define PACKAGE_URL "http://wiki.apertium.org/wiki/Apertium-ewo-fra"
#define PACKAGE "apertium-ewo-fra"
#define VERSION "0.1.0"

configure: exit 0
